.\Debug\Project.pdb
D:\VI_Semestar\ORM2\Projekat\project\Pcap-Project\Project\.\Debug\Project.exe
D:\VI_Semestar\ORM2\Projekat\project\Pcap-Project\Project\.\Debug\Project.exe.intermediate.manifest
D:\VI_Semestar\ORM2\Projekat\project\Pcap-Project\Project\Debug\cl.command.1.tlog
D:\VI_Semestar\ORM2\Projekat\project\Pcap-Project\Project\Debug\CL.read.1.tlog
D:\VI_Semestar\ORM2\Projekat\project\Pcap-Project\Project\Debug\CL.write.1.tlog
D:\VI_Semestar\ORM2\Projekat\project\Pcap-Project\Project\Debug\link.command.1.tlog
D:\VI_Semestar\ORM2\Projekat\project\Pcap-Project\Project\Debug\link.read.1.tlog
D:\VI_Semestar\ORM2\Projekat\project\Pcap-Project\Project\Debug\link.write.1.tlog
D:\VI_SEMESTAR\ORM2\PROJEKAT\PROJECT\PCAP-PROJECT\PROJECT\DEBUG\MAIN.OBJ
D:\VI_Semestar\ORM2\Projekat\project\Pcap-Project\Project\Debug\mt.command.1.tlog
D:\VI_Semestar\ORM2\Projekat\project\Pcap-Project\Project\Debug\mt.read.1.tlog
D:\VI_Semestar\ORM2\Projekat\project\Pcap-Project\Project\Debug\mt.write.1.tlog
D:\VI_SEMESTAR\ORM2\PROJEKAT\PROJECT\PCAP-PROJECT\PROJECT\DEBUG\PREPARING_FILE.OBJ
D:\VI_SEMESTAR\ORM2\PROJEKAT\PROJECT\PCAP-PROJECT\PROJECT\DEBUG\PROJECT.EXE
D:\VI_Semestar\ORM2\Projekat\project\Pcap-Project\Project\Debug\Project.exe.intermediate.manifest
D:\VI_Semestar\ORM2\Projekat\project\Pcap-Project\Project\Debug\Project.pdb
D:\VI_Semestar\ORM2\Projekat\project\Pcap-Project\Project\Debug\Project.vcxprojResolveAssemblyReference.cache
D:\VI_Semestar\ORM2\Projekat\project\Pcap-Project\Project\Debug\Project.write.1.tlog
D:\VI_SEMESTAR\ORM2\PROJEKAT\PROJECT\PCAP-PROJECT\PROJECT\DEBUG\PROTOCOL_HEADERS.OBJ
D:\VI_Semestar\ORM2\Projekat\project\Pcap-Project\Project\Debug\vc100.idb
D:\VI_SEMESTAR\ORM2\PROJEKAT\PROJECT\PCAP-PROJECT\PROJECT\DEBUG\VC100.PDB
